Content-Type: multipart/alternative;
 boundary="===============7172854403232506835=="
MIME-Version: 1.0
Subject: Password reset on 127.0.0.1:8000
From: webmaster@localhost
To: NewUser@cgs.com
Date: Tue, 27 Jun 2023 14:07:04 -0000
Message-ID: <168787482474.75127.333802902285505038@olva>

--===============7172854403232506835==
Content-Type: text/plain; charset="utf-8"
MIME-Version: 1.0
Content-Transfer-Encoding: 8bit


You're receiving this email because you requested a password reset for your user account at 127.0.0.1:8000.

Please go to the following page and choose a new password:

http://127.0.0.1:8000/compte/mot-de-passe-oublie/modification/Mg/bqghvs-33c5fdb648bd1cf7faabf858b5601817/

Your username, in case you’ve forgotten: NewUser

Thanks for using our site!

The 127.0.0.1:8000 team



--===============7172854403232506835==
Content-Type: text/html; charset="utf-8"
MIME-Version: 1.0
Content-Transfer-Encoding: 8bit


2	You're receiving this email because you requested a password reset for your user account at 127.0.0.1:8000.
3	
4	Please go to the following page and choose a new password:
5	
6	http://127.0.0.1:8000/compte/mot-de-passe-oublie/modification/Mg/bqghvs-33c5fdb648bd1cf7faabf858b5601817/
7	
8	Your username, in case you’ve forgotten: NewUser
9	
10	Thanks for using our site!
11	
12	The 127.0.0.1:8000 team
13	
14	
--===============7172854403232506835==--

-------------------------------------------------------------------------------
