Content-Type: text/plain; charset="utf-8"
MIME-Version: 1.0
Content-Transfer-Encoding: 8bit
Subject: Password reset on 127.0.0.1:8000
From: webmaster@localhost
To: NewTest@cgs.com
Date: Tue, 11 Jul 2023 11:09:22 -0000
Message-ID: 
 <168907376241.70912.18239768632390387212@1.0.0.0.0.0.0.0.0.0.0.0.0.0.0.0.0.0.0.0.0.0.0.0.0.0.0.0.0.0.0.0.ip6.arpa>


2	You're receiving this email because you requested a password reset for your user account at 127.0.0.1:8000.
3	
4	Please go to the following page and choose a new password:
5	
6	http://127.0.0.1:8000/compte/mot-de-passe-oublie/modification/MTE/br6cjm-cc4f606d2b0525fca3c6af0109ec4462/
7	
8	Your username, in case you’ve forgotten: NewTest
9	
10	Thanks for using our site!
11	
12	The 127.0.0.1:8000 team
13	
14	
-------------------------------------------------------------------------------
