Content-Type: multipart/alternative;
 boundary="===============7764895031376873854=="
MIME-Version: 1.0
Subject: Password reset on 127.0.0.1:8000
From: webmaster@localhost
To: NewUser@cgs.com
Date: Thu, 29 Jun 2023 09:49:27 -0000
Message-ID: <168803216771.88438.8165907627986616669@olva>

--===============7764895031376873854==
Content-Type: text/plain; charset="utf-8"
MIME-Version: 1.0
Content-Transfer-Encoding: 8bit


You're receiving this email because you requested a password reset for your user account at 127.0.0.1:8000.

Please go to the following page and choose a new password:

http://127.0.0.1:8000/compte/mot-de-passe-oublie/modification/Mg/bqjvaf-7194c2859377d08ab5ed26ceef0c22e9/

Your username, in case you’ve forgotten: NewUser

Thanks for using our site!

The 127.0.0.1:8000 team



--===============7764895031376873854==
Content-Type: text/html; charset="utf-8"
MIME-Version: 1.0
Content-Transfer-Encoding: 8bit


2	You're receiving this email because you requested a password reset for your user account at 127.0.0.1:8000.
3	
4	Please go to the following page and choose a new password:
5	
6	http://127.0.0.1:8000/compte/mot-de-passe-oublie/modification/Mg/bqjvaf-7194c2859377d08ab5ed26ceef0c22e9/
7	
8	Your username, in case you’ve forgotten: NewUser
9	
10	Thanks for using our site!
11	
12	The 127.0.0.1:8000 team
13	
14	
--===============7764895031376873854==--

-------------------------------------------------------------------------------
