Content-Type: multipart/alternative;
 boundary="===============6062553821583519821=="
MIME-Version: 1.0
Subject: Password reset on 127.0.0.1:8000
From: webmaster@localhost
To: NewUser@cgs.com
Date: Thu, 29 Jun 2023 12:20:44 -0000
Message-ID: 
 <168804124461.94442.9025199823391547279@1.0.0.0.0.0.0.0.0.0.0.0.0.0.0.0.0.0.0.0.0.0.0.0.0.0.0.0.0.0.0.0.ip6.arpa>

--===============6062553821583519821==
Content-Type: text/plain; charset="utf-8"
MIME-Version: 1.0
Content-Transfer-Encoding: 8bit


You're receiving this email because you requested a password reset for your user account at 127.0.0.1:8000.

Please go to the following page and choose a new password:

http://127.0.0.1:8000/compte/mot-de-passe-oublie/modification/Mg/bqk2ak-2b25fa7ae9181362cd38d56e60986e73/

Your username, in case you’ve forgotten: NewUser

Thanks for using our site!

The 127.0.0.1:8000 team



--===============6062553821583519821==
Content-Type: text/html; charset="utf-8"
MIME-Version: 1.0
Content-Transfer-Encoding: 8bit


2	You're receiving this email because you requested a password reset for your user account at 127.0.0.1:8000.
3	
4	Please go to the following page and choose a new password:
5	
6	http://127.0.0.1:8000/compte/mot-de-passe-oublie/modification/Mg/bqk2ak-2b25fa7ae9181362cd38d56e60986e73/
7	
8	Your username, in case you’ve forgotten: NewUser
9	
10	Thanks for using our site!
11	
12	The 127.0.0.1:8000 team
13	
14	
--===============6062553821583519821==--

-------------------------------------------------------------------------------
